2023-02-14 08:00:16.909  INFO 3764 --- [main] c.g.gethrtables.GethrtablesApplication   : Starting GethrtablesApplication using Java 1.8.0_361 on LT0177713 with PID 3764 (C:\Users\ashwesh.alone\Web-Projects\01_GetTables\Backend\gethrtables\target\classes started by Ashwesh.Alone in C:\Users\ashwesh.alone\Web-Projects\01_GetTables\Backend\gethrtables)
2023-02-14 08:00:16.918  INFO 3764 --- [main] c.g.gethrtables.GethrtablesApplication   : No active profile set, falling back to default profiles: default
2023-02-14 08:00:18.129  INFO 3764 --- [main] .s.d.r.c.RepositoryConfigurationDelegate : Bootstrapping Spring Data JDBC repositories in DEFAULT mode.
2023-02-14 08:00:18.145  INFO 3764 --- [main] .s.d.r.c.RepositoryConfigurationDelegate : Finished Spring Data repository scanning in 11 ms. Found 0 JDBC repository interfaces.
2023-02-14 08:00:18.383  INFO 3764 --- [main] trationDelegate$BeanPostProcessorChecker : Bean 'digital.api.platform.serviceclient-com.jio.digitalapi.platform.core.service.sharedresource.DigitalApiServiceClientConfigProps' of type [com.jio.digitalapi.platform.core.service.sharedresource.DigitalApiServiceClientConfigProps] is not eligible for getting processed by all BeanPostProcessors (for example: not eligible for auto-proxying)
2023-02-14 08:00:18.386  INFO 3764 --- [main] trationDelegate$BeanPostProcessorChecker : Bean 'digital.api.platform.app.jmssender-com.jio.digitalworks.apps.platform.DigitalApiJmsSenderConfigProps' of type [com.jio.digitalworks.apps.platform.DigitalApiJmsSenderConfigProps] is not eligible for getting processed by all BeanPostProcessors (for example: not eligible for auto-proxying)
2023-02-14 08:00:18.438  INFO 3764 --- [main] trationDelegate$BeanPostProcessorChecker : Bean 'org.springframework.ws.config.annotation.DelegatingWsConfiguration' of type [org.springframework.ws.config.annotation.DelegatingWsConfiguration$$EnhancerBySpringCGLIB$$1078f4c0] is not eligible for getting processed by all BeanPostProcessors (for example: not eligible for auto-proxying)
2023-02-14 08:00:18.509  INFO 3764 --- [main] .w.s.a.s.AnnotationActionEndpointMapping : Supporting [WS-Addressing August 2004, WS-Addressing 1.0]
2023-02-14 08:00:19.014  INFO 3764 --- [main] o.s.b.w.embedded.tomcat.TomcatWebServer  : Tomcat initialized with port(s): 8080 (http)
2023-02-14 08:00:19.165  INFO 3764 --- [main] o.apache.catalina.core.StandardService   : Starting service [Tomcat]
2023-02-14 08:00:19.165  INFO 3764 --- [main] org.apache.catalina.core.StandardEngine  : Starting Servlet engine: [Apache Tomcat/9.0.48]
2023-02-14 08:00:19.499  INFO 3764 --- [main] o.a.c.c.C.[Tomcat].[localhost].[/]       : Initializing Spring embedded WebApplicationContext
2023-02-14 08:00:19.499  INFO 3764 --- [main] w.s.c.ServletWebServerApplicationContext : Root WebApplicationContext: initialization completed in 2528 ms
2023-02-14 08:00:19.805  INFO 3764 --- [main] c.j.d.p.c.d.config.InMemoryCache         : InMemory Cache DEFAULT has initialized with Max Cache Size 1000
2023-02-14 08:00:19.809  INFO 3764 --- [main] c.j.d.p.c.d.config.InMemoryCache         : InMemory Cache DEFAULT has initialized with Max Cache Size 1000
2023-02-14 08:00:19.972  WARN 3764 --- [main] ConfigServletWebServerApplicationContext : Exception encountered during context initialization - cancelling refresh attempt: org.springframework.beans.factory.UnsatisfiedDependencyException: Error creating bean with name 'countryController': Unsatisfied dependency expressed through field 'countryRepository'; nested exception is org.springframework.beans.factory.BeanCreationException: Error creating bean with name 'countryRepository' defined in file [C:\Users\ashwesh.alone\Web-Projects\01_GetTables\Backend\gethrtables\target\classes\com\gethrtables\gethrtables\repositories\CountryRepository.class]: Instantiation of bean failed; nested exception is org.springframework.beans.BeanInstantiationException: Failed to instantiate [com.gethrtables.gethrtables.repositories.CountryRepository$$EnhancerBySpringCGLIB$$6fa726bf]: Constructor threw exception; nested exception is java.sql.SQLNonTransientConnectionException: Public Key Retrieval is not allowed
2023-02-14 08:00:19.976  INFO 3764 --- [main] o.apache.catalina.core.StandardService   : Stopping service [Tomcat]
2023-02-14 08:00:19.989  INFO 3764 --- [main] ConditionEvaluationReportLoggingListener : 

Error starting ApplicationContext. To display the conditions report re-run your application with 'debug' enabled.
2023-02-14 08:00:20.014 ERROR 3764 --- [main] o.s.boot.SpringApplication               : Application run failed

org.springframework.beans.factory.UnsatisfiedDependencyException: Error creating bean with name 'countryController': Unsatisfied dependency expressed through field 'countryRepository'; nested exception is org.springframework.beans.factory.BeanCreationException: Error creating bean with name 'countryRepository' defined in file [C:\Users\ashwesh.alone\Web-Projects\01_GetTables\Backend\gethrtables\target\classes\com\gethrtables\gethrtables\repositories\CountryRepository.class]: Instantiation of bean failed; nested exception is org.springframework.beans.BeanInstantiationException: Failed to instantiate [com.gethrtables.gethrtables.repositories.CountryRepository$$EnhancerBySpringCGLIB$$6fa726bf]: Constructor threw exception; nested exception is java.sql.SQLNonTransientConnectionException: Public Key Retrieval is not allowed
	at org.springframework.beans.factory.annotation.AutowiredAnnotationBeanPostProcessor$AutowiredFieldElement.resolveFieldValue(AutowiredAnnotationBeanPostProcessor.java:660) ~[spring-beans-5.3.8.jar:5.3.8]
	at org.springframework.beans.factory.annotation.AutowiredAnnotationBeanPostProcessor$AutowiredFieldElement.inject(AutowiredAnnotationBeanPostProcessor.java:640) ~[spring-beans-5.3.8.jar:5.3.8]
	at org.springframework.beans.factory.annotation.InjectionMetadata.inject(InjectionMetadata.java:119) ~[spring-beans-5.3.8.jar:5.3.8]
	at org.springframework.beans.factory.annotation.AutowiredAnnotationBeanPostProcessor.postProcessProperties(AutowiredAnnotationBeanPostProcessor.java:399) ~[spring-beans-5.3.8.jar:5.3.8]
	at org.springframework.beans.factory.support.AbstractAutowireCapableBeanFactory.populateBean(AbstractAutowireCapableBeanFactory.java:1413) ~[spring-beans-5.3.8.jar:5.3.8]
	at org.springframework.beans.factory.support.AbstractAutowireCapableBeanFactory.doCreateBean(AbstractAutowireCapableBeanFactory.java:601) ~[spring-beans-5.3.8.jar:5.3.8]
	at org.springframework.beans.factory.support.AbstractAutowireCapableBeanFactory.createBean(AbstractAutowireCapableBeanFactory.java:524) ~[spring-beans-5.3.8.jar:5.3.8]
	at org.springframework.beans.factory.support.AbstractBeanFactory.lambda$doGetBean$0(AbstractBeanFactory.java:335) ~[spring-beans-5.3.8.jar:5.3.8]
	at org.springframework.beans.factory.support.DefaultSingletonBeanRegistry.getSingleton(DefaultSingletonBeanRegistry.java:234) ~[spring-beans-5.3.8.jar:5.3.8]
	at org.springframework.beans.factory.support.AbstractBeanFactory.doGetBean(AbstractBeanFactory.java:333) ~[spring-beans-5.3.8.jar:5.3.8]
	at org.springframework.beans.factory.support.AbstractBeanFactory.getBean(AbstractBeanFactory.java:208) ~[spring-beans-5.3.8.jar:5.3.8]
	at org.springframework.beans.factory.support.DefaultListableBeanFactory.preInstantiateSingletons(DefaultListableBeanFactory.java:944) ~[spring-beans-5.3.8.jar:5.3.8]
	at org.springframework.context.support.AbstractApplicationContext.finishBeanFactoryInitialization(AbstractApplicationContext.java:918) ~[spring-context-5.3.8.jar:5.3.8]
	at org.springframework.context.support.AbstractApplicationContext.refresh(AbstractApplicationContext.java:583) ~[spring-context-5.3.8.jar:5.3.8]
	at org.springframework.boot.web.servlet.context.ServletWebServerApplicationContext.refresh(ServletWebServerApplicationContext.java:145) ~[spring-boot-2.5.2.jar:2.5.2]
	at org.springframework.boot.SpringApplication.refresh(SpringApplication.java:754) ~[spring-boot-2.5.2.jar:2.5.2]
	at org.springframework.boot.SpringApplication.refreshContext(SpringApplication.java:434) ~[spring-boot-2.5.2.jar:2.5.2]
	at org.springframework.boot.SpringApplication.run(SpringApplication.java:338) ~[spring-boot-2.5.2.jar:2.5.2]
	at com.jio.digitalworks.apps.platform.DigitalApiPlatformApp.init(DigitalApiPlatformApp.java:114) [jio-digitalapi-platform-app-autoconfigure-1.2.3-RELEASE.jar:1.2.3-RELEASE]
	at com.gethrtables.gethrtables.GethrtablesApplication.main(GethrtablesApplication.java:11) [classes/:na]
Caused by: org.springframework.beans.factory.BeanCreationException: Error creating bean with name 'countryRepository' defined in file [C:\Users\ashwesh.alone\Web-Projects\01_GetTables\Backend\gethrtables\target\classes\com\gethrtables\gethrtables\repositories\CountryRepository.class]: Instantiation of bean failed; nested exception is org.springframework.beans.BeanInstantiationException: Failed to instantiate [com.gethrtables.gethrtables.repositories.CountryRepository$$EnhancerBySpringCGLIB$$6fa726bf]: Constructor threw exception; nested exception is java.sql.SQLNonTransientConnectionException: Public Key Retrieval is not allowed
	at org.springframework.beans.factory.support.AbstractAutowireCapableBeanFactory.instantiateBean(AbstractAutowireCapableBeanFactory.java:1316) ~[spring-beans-5.3.8.jar:5.3.8]
	at org.springframework.beans.factory.support.AbstractAutowireCapableBeanFactory.createBeanInstance(AbstractAutowireCapableBeanFactory.java:1214) ~[spring-beans-5.3.8.jar:5.3.8]
	at org.springframework.beans.factory.support.AbstractAutowireCapableBeanFactory.doCreateBean(AbstractAutowireCapableBeanFactory.java:564) ~[spring-beans-5.3.8.jar:5.3.8]
	at org.springframework.beans.factory.support.AbstractAutowireCapableBeanFactory.createBean(AbstractAutowireCapableBeanFactory.java:524) ~[spring-beans-5.3.8.jar:5.3.8]
	at org.springframework.beans.factory.support.AbstractBeanFactory.lambda$doGetBean$0(AbstractBeanFactory.java:335) ~[spring-beans-5.3.8.jar:5.3.8]
	at org.springframework.beans.factory.support.DefaultSingletonBeanRegistry.getSingleton(DefaultSingletonBeanRegistry.java:234) ~[spring-beans-5.3.8.jar:5.3.8]
	at org.springframework.beans.factory.support.AbstractBeanFactory.doGetBean(AbstractBeanFactory.java:333) ~[spring-beans-5.3.8.jar:5.3.8]
	at org.springframework.beans.factory.support.AbstractBeanFactory.getBean(AbstractBeanFactory.java:208) ~[spring-beans-5.3.8.jar:5.3.8]
	at org.springframework.beans.factory.config.DependencyDescriptor.resolveCandidate(DependencyDescriptor.java:276) ~[spring-beans-5.3.8.jar:5.3.8]
	at org.springframework.beans.factory.support.DefaultListableBeanFactory.doResolveDependency(DefaultListableBeanFactory.java:1380) ~[spring-beans-5.3.8.jar:5.3.8]
	at org.springframework.beans.factory.support.DefaultListableBeanFactory.resolveDependency(DefaultListableBeanFactory.java:1300) ~[spring-beans-5.3.8.jar:5.3.8]
	at org.springframework.beans.factory.annotation.AutowiredAnnotationBeanPostProcessor$AutowiredFieldElement.resolveFieldValue(AutowiredAnnotationBeanPostProcessor.java:657) ~[spring-beans-5.3.8.jar:5.3.8]
	... 19 common frames omitted
Caused by: org.springframework.beans.BeanInstantiationException: Failed to instantiate [com.gethrtables.gethrtables.repositories.CountryRepository$$EnhancerBySpringCGLIB$$6fa726bf]: Constructor threw exception; nested exception is java.sql.SQLNonTransientConnectionException: Public Key Retrieval is not allowed
	at org.springframework.beans.BeanUtils.instantiateClass(BeanUtils.java:225) ~[spring-beans-5.3.8.jar:5.3.8]
	at org.springframework.beans.factory.support.SimpleInstantiationStrategy.instantiate(SimpleInstantiationStrategy.java:87) ~[spring-beans-5.3.8.jar:5.3.8]
	at org.springframework.beans.factory.support.AbstractAutowireCapableBeanFactory.instantiateBean(AbstractAutowireCapableBeanFactory.java:1308) ~[spring-beans-5.3.8.jar:5.3.8]
	... 30 common frames omitted
Caused by: java.sql.SQLNonTransientConnectionException: Public Key Retrieval is not allowed
	at com.mysql.cj.jdbc.exceptions.SQLError.createSQLException(SQLError.java:110) ~[mysql-connector-java-8.0.25.jar:8.0.25]
	at com.mysql.cj.jdbc.exceptions.SQLExceptionsMapping.translateException(SQLExceptionsMapping.java:122) ~[mysql-connector-java-8.0.25.jar:8.0.25]
	at com.mysql.cj.jdbc.ConnectionImpl.createNewIO(ConnectionImpl.java:833) ~[mysql-connector-java-8.0.25.jar:8.0.25]
	at com.mysql.cj.jdbc.ConnectionImpl.<init>(ConnectionImpl.java:453) ~[mysql-connector-java-8.0.25.jar:8.0.25]
	at com.mysql.cj.jdbc.ConnectionImpl.getInstance(ConnectionImpl.java:246) ~[mysql-connector-java-8.0.25.jar:8.0.25]
	at com.mysql.cj.jdbc.NonRegisteringDriver.connect(NonRegisteringDriver.java:198) ~[mysql-connector-java-8.0.25.jar:8.0.25]
	at java.sql.DriverManager.getConnection(DriverManager.java:664) ~[na:1.8.0_361]
	at java.sql.DriverManager.getConnection(DriverManager.java:247) ~[na:1.8.0_361]
	at com.gethrtables.gethrtables.util.DatabaseConnection.getConnection(DatabaseConnection.java:17) ~[classes/:na]
	at com.gethrtables.gethrtables.repositories.CountryRepository.<init>(CountryRepository.java:18) ~[classes/:na]
	at com.gethrtables.gethrtables.repositories.CountryRepository$$EnhancerBySpringCGLIB$$6fa726bf.<init>(<generated>) ~[classes/:na]
	at sun.reflect.NativeConstructorAccessorImpl.newInstance0(Native Method) ~[na:1.8.0_361]
	at sun.reflect.NativeConstructorAccessorImpl.newInstance(NativeConstructorAccessorImpl.java:62) ~[na:1.8.0_361]
	at sun.reflect.DelegatingConstructorAccessorImpl.newInstance(DelegatingConstructorAccessorImpl.java:45) ~[na:1.8.0_361]
	at java.lang.reflect.Constructor.newInstance(Constructor.java:423) ~[na:1.8.0_361]
	at org.springframework.beans.BeanUtils.instantiateClass(BeanUtils.java:212) ~[spring-beans-5.3.8.jar:5.3.8]
	... 32 common frames omitted
Caused by: com.mysql.cj.exceptions.UnableToConnectException: Public Key Retrieval is not allowed
	at sun.reflect.NativeConstructorAccessorImpl.newInstance0(Native Method) ~[na:1.8.0_361]
	at sun.reflect.NativeConstructorAccessorImpl.newInstance(NativeConstructorAccessorImpl.java:62) ~[na:1.8.0_361]
	at sun.reflect.DelegatingConstructorAccessorImpl.newInstance(DelegatingConstructorAccessorImpl.java:45) ~[na:1.8.0_361]
	at java.lang.reflect.Constructor.newInstance(Constructor.java:423) ~[na:1.8.0_361]
	at com.mysql.cj.exceptions.ExceptionFactory.createException(ExceptionFactory.java:61) ~[mysql-connector-java-8.0.25.jar:8.0.25]
	at com.mysql.cj.exceptions.ExceptionFactory.createException(ExceptionFactory.java:85) ~[mysql-connector-java-8.0.25.jar:8.0.25]
	at com.mysql.cj.protocol.a.authentication.CachingSha2PasswordPlugin.nextAuthenticationStep(CachingSha2PasswordPlugin.java:128) ~[mysql-connector-java-8.0.25.jar:8.0.25]
	at com.mysql.cj.protocol.a.authentication.CachingSha2PasswordPlugin.nextAuthenticationStep(CachingSha2PasswordPlugin.java:49) ~[mysql-connector-java-8.0.25.jar:8.0.25]
	at com.mysql.cj.protocol.a.NativeAuthenticationProvider.proceedHandshakeWithPluggableAuthentication(NativeAuthenticationProvider.java:432) ~[mysql-connector-java-8.0.25.jar:8.0.25]
	at com.mysql.cj.protocol.a.NativeAuthenticationProvider.connect(NativeAuthenticationProvider.java:210) ~[mysql-connector-java-8.0.25.jar:8.0.25]
	at com.mysql.cj.protocol.a.NativeProtocol.connect(NativeProtocol.java:1353) ~[mysql-connector-java-8.0.25.jar:8.0.25]
	at com.mysql.cj.NativeSession.connect(NativeSession.java:157) ~[mysql-connector-java-8.0.25.jar:8.0.25]
	at com.mysql.cj.jdbc.ConnectionImpl.connectOneTryOnly(ConnectionImpl.java:953) ~[mysql-connector-java-8.0.25.jar:8.0.25]
	at com.mysql.cj.jdbc.ConnectionImpl.createNewIO(ConnectionImpl.java:823) ~[mysql-connector-java-8.0.25.jar:8.0.25]
	... 45 common frames omitted

2023-02-14 08:00:37.530  INFO 17688 --- [main] c.g.gethrtables.GethrtablesApplication   : Starting GethrtablesApplication using Java 1.8.0_361 on LT0177713 with PID 17688 (C:\Users\ashwesh.alone\Web-Projects\01_GetTables\Backend\gethrtables\target\classes started by Ashwesh.Alone in C:\Users\ashwesh.alone\Web-Projects\01_GetTables\Backend\gethrtables)
2023-02-14 08:00:37.532  INFO 17688 --- [main] c.g.gethrtables.GethrtablesApplication   : No active profile set, falling back to default profiles: default
2023-02-14 08:00:38.622  INFO 17688 --- [main] .s.d.r.c.RepositoryConfigurationDelegate : Bootstrapping Spring Data JDBC repositories in DEFAULT mode.
2023-02-14 08:00:38.637  INFO 17688 --- [main] .s.d.r.c.RepositoryConfigurationDelegate : Finished Spring Data repository scanning in 11 ms. Found 0 JDBC repository interfaces.
2023-02-14 08:00:38.854  INFO 17688 --- [main] trationDelegate$BeanPostProcessorChecker : Bean 'digital.api.platform.serviceclient-com.jio.digitalapi.platform.core.service.sharedresource.DigitalApiServiceClientConfigProps' of type [com.jio.digitalapi.platform.core.service.sharedresource.DigitalApiServiceClientConfigProps] is not eligible for getting processed by all BeanPostProcessors (for example: not eligible for auto-proxying)
2023-02-14 08:00:38.857  INFO 17688 --- [main] trationDelegate$BeanPostProcessorChecker : Bean 'digital.api.platform.app.jmssender-com.jio.digitalworks.apps.platform.DigitalApiJmsSenderConfigProps' of type [com.jio.digitalworks.apps.platform.DigitalApiJmsSenderConfigProps] is not eligible for getting processed by all BeanPostProcessors (for example: not eligible for auto-proxying)
2023-02-14 08:00:38.905  INFO 17688 --- [main] trationDelegate$BeanPostProcessorChecker : Bean 'org.springframework.ws.config.annotation.DelegatingWsConfiguration' of type [org.springframework.ws.config.annotation.DelegatingWsConfiguration$$EnhancerBySpringCGLIB$$2c7302ca] is not eligible for getting processed by all BeanPostProcessors (for example: not eligible for auto-proxying)
2023-02-14 08:00:38.945  INFO 17688 --- [main] .w.s.a.s.AnnotationActionEndpointMapping : Supporting [WS-Addressing August 2004, WS-Addressing 1.0]
2023-02-14 08:00:39.428  INFO 17688 --- [main] o.s.b.w.embedded.tomcat.TomcatWebServer  : Tomcat initialized with port(s): 8080 (http)
2023-02-14 08:00:39.548  INFO 17688 --- [main] o.apache.catalina.core.StandardService   : Starting service [Tomcat]
2023-02-14 08:00:39.548  INFO 17688 --- [main] org.apache.catalina.core.StandardEngine  : Starting Servlet engine: [Apache Tomcat/9.0.48]
2023-02-14 08:00:39.756  INFO 17688 --- [main] o.a.c.c.C.[Tomcat].[localhost].[/]       : Initializing Spring embedded WebApplicationContext
2023-02-14 08:00:39.757  INFO 17688 --- [main] w.s.c.ServletWebServerApplicationContext : Root WebApplicationContext: initialization completed in 2184 ms
2023-02-14 08:00:39.988  INFO 17688 --- [main] c.j.d.p.c.d.config.InMemoryCache         : InMemory Cache DEFAULT has initialized with Max Cache Size 1000
2023-02-14 08:00:39.992  INFO 17688 --- [main] c.j.d.p.c.d.config.InMemoryCache         : InMemory Cache DEFAULT has initialized with Max Cache Size 1000
2023-02-14 08:00:40.567  INFO 17688 --- [main] o.s.b.a.e.web.EndpointLinksResolver      : Exposing 15 endpoint(s) beneath base path '/actuator'
2023-02-14 08:00:40.631  INFO 17688 --- [main] pertySourcedRequestMappingHandlerMapping : Mapped URL path [/v2/api-docs] onto method [springfox.documentation.swagger2.web.Swagger2Controller#getDocumentation(String, HttpServletRequest)]
2023-02-14 08:00:41.004  INFO 17688 --- [main] com.zaxxer.hikari.HikariDataSource       : HikariPool-1 - Starting...
2023-02-14 08:00:41.025  INFO 17688 --- [main] com.zaxxer.hikari.HikariDataSource       : HikariPool-1 - Start completed.
2023-02-14 08:00:41.255  INFO 17688 --- [main] o.s.b.w.embedded.tomcat.TomcatWebServer  : Tomcat started on port(s): 8080 (http) with context path ''
2023-02-14 08:00:41.257  INFO 17688 --- [main] d.s.w.p.DocumentationPluginsBootstrapper : Context refreshed
2023-02-14 08:00:41.292  INFO 17688 --- [main] d.s.w.p.DocumentationPluginsBootstrapper : Found 1 custom documentation plugin(s)
2023-02-14 08:00:41.367  INFO 17688 --- [main] s.d.s.w.s.ApiListingReferenceScanner     : Scanning for api listing references
2023-02-14 08:00:41.516  INFO 17688 --- [main] .d.s.w.r.o.CachingOperationNameGenerator : Generating unique operation named: handleUsingDELETE_1
2023-02-14 08:00:41.518  INFO 17688 --- [main] .d.s.w.r.o.CachingOperationNameGenerator : Generating unique operation named: handleUsingGET_1
2023-02-14 08:00:41.519  INFO 17688 --- [main] .d.s.w.r.o.CachingOperationNameGenerator : Generating unique operation named: handleUsingGET_2
2023-02-14 08:00:41.520  INFO 17688 --- [main] .d.s.w.r.o.CachingOperationNameGenerator : Generating unique operation named: handleUsingGET_3
2023-02-14 08:00:41.521  INFO 17688 --- [main] .d.s.w.r.o.CachingOperationNameGenerator : Generating unique operation named: handleUsingGET_4
2023-02-14 08:00:41.523  INFO 17688 --- [main] .d.s.w.r.o.CachingOperationNameGenerator : Generating unique operation named: handleUsingGET_5
2023-02-14 08:00:41.525  INFO 17688 --- [main] .d.s.w.r.o.CachingOperationNameGenerator : Generating unique operation named: handleUsingGET_6
2023-02-14 08:00:41.526  INFO 17688 --- [main] .d.s.w.r.o.CachingOperationNameGenerator : Generating unique operation named: handleUsingGET_7
2023-02-14 08:00:41.528  INFO 17688 --- [main] .d.s.w.r.o.CachingOperationNameGenerator : Generating unique operation named: handleUsingGET_8
2023-02-14 08:00:41.529  INFO 17688 --- [main] .d.s.w.r.o.CachingOperationNameGenerator : Generating unique operation named: handleUsingGET_9
2023-02-14 08:00:41.530  INFO 17688 --- [main] .d.s.w.r.o.CachingOperationNameGenerator : Generating unique operation named: handleUsingGET_10
2023-02-14 08:00:41.531  INFO 17688 --- [main] .d.s.w.r.o.CachingOperationNameGenerator : Generating unique operation named: handleUsingGET_11
2023-02-14 08:00:41.533  INFO 17688 --- [main] .d.s.w.r.o.CachingOperationNameGenerator : Generating unique operation named: handleUsingGET_12
2023-02-14 08:00:41.534  INFO 17688 --- [main] .d.s.w.r.o.CachingOperationNameGenerator : Generating unique operation named: handleUsingGET_13
2023-02-14 08:00:41.535  INFO 17688 --- [main] .d.s.w.r.o.CachingOperationNameGenerator : Generating unique operation named: handleUsingGET_14
2023-02-14 08:00:41.536  INFO 17688 --- [main] .d.s.w.r.o.CachingOperationNameGenerator : Generating unique operation named: handleUsingGET_15
2023-02-14 08:00:41.537  INFO 17688 --- [main] .d.s.w.r.o.CachingOperationNameGenerator : Generating unique operation named: handleUsingGET_16
2023-02-14 08:00:41.538  INFO 17688 --- [main] .d.s.w.r.o.CachingOperationNameGenerator : Generating unique operation named: handleUsingGET_17
2023-02-14 08:00:41.538  INFO 17688 --- [main] .d.s.w.r.o.CachingOperationNameGenerator : Generating unique operation named: handleUsingGET_18
2023-02-14 08:00:41.540  INFO 17688 --- [main] .d.s.w.r.o.CachingOperationNameGenerator : Generating unique operation named: handleUsingGET_19
2023-02-14 08:00:41.565  INFO 17688 --- [main] c.g.gethrtables.GethrtablesApplication   : Started GethrtablesApplication in 4.431 seconds (JVM running for 5.563)
2023-02-14 08:00:41.581  INFO 17688 --- [main] ication$$EnhancerBySpringCGLIB$$3584fb7a : com.gethrtables.gethrtables.GethrtablesApplication$$EnhancerBySpringCGLIB$$3584fb7a DigitalApi Application has started....!
2023-02-14 08:01:54.651  INFO 17688 --- [http-nio-8080-exec-2] o.a.c.c.C.[Tomcat].[localhost].[/]       : Initializing Spring DispatcherServlet 'dispatcherServlet'
2023-02-14 08:01:54.652  INFO 17688 --- [http-nio-8080-exec-2] o.s.web.servlet.DispatcherServlet        : Initializing Servlet 'dispatcherServlet'
2023-02-14 08:01:54.653  INFO 17688 --- [http-nio-8080-exec-2] o.s.web.servlet.DispatcherServlet        : Completed initialization in 1 ms
2023-02-14 08:01:54.678  INFO 17688 --- [http-nio-8080-exec-2] c.g.g.repositories.DepartmentRepository  : Hello this is a logger in getAllDeparmtents opertion.
2023-02-14 08:02:46.236  INFO 17688 --- [http-nio-8080-exec-3] c.g.g.repositories.DepartmentRepository  : Hello this is a logger in getAllDeparmtents opertion.
2023-02-14 08:13:21.876  INFO 17688 --- [SpringApplicationShutdownHook] com.zaxxer.hikari.HikariDataSource       : HikariPool-1 - Shutdown initiated...
2023-02-14 08:13:21.908  INFO 17688 --- [SpringApplicationShutdownHook] com.zaxxer.hikari.HikariDataSource       : HikariPool-1 - Shutdown completed.
