2022-04-08 21:07:13.025  INFO 17868 --- [main] .m.o.c.SpringbootmyorgcrudapiApplication : Starting SpringbootmyorgcrudapiApplication using Java 17.0.2 on AshweshPC with PID 17868 (D:\Web Projects\springbootmyorgcrudapi\target\classes started by ASUS in D:\Web Projects\springbootmyorgcrudapi)
2022-04-08 21:07:13.027  INFO 17868 --- [main] .m.o.c.SpringbootmyorgcrudapiApplication : No active profile set, falling back to 1 default profile: "default"
2022-04-08 21:07:13.870  INFO 17868 --- [main] o.s.b.w.embedded.tomcat.TomcatWebServer  : Tomcat initialized with port(s): 8080 (http)
2022-04-08 21:07:13.878  INFO 17868 --- [main] o.apache.catalina.core.StandardService   : Starting service [Tomcat]
2022-04-08 21:07:13.878  INFO 17868 --- [main] org.apache.catalina.core.StandardEngine  : Starting Servlet engine: [Apache Tomcat/9.0.60]
2022-04-08 21:07:13.952  INFO 17868 --- [main] o.a.c.c.C.[Tomcat].[localhost].[/]       : Initializing Spring embedded WebApplicationContext
2022-04-08 21:07:13.952  INFO 17868 --- [main] w.s.c.ServletWebServerApplicationContext : Root WebApplicationContext: initialization completed in 887 ms
2022-04-08 21:07:14.081  WARN 17868 --- [main] ConfigServletWebServerApplicationContext : Exception encountered during context initialization - cancelling refresh attempt: org.springframework.beans.factory.UnsatisfiedDependencyException: Error creating bean with name 'bonusController': Unsatisfied dependency expressed through field 'bonusService'; nested exception is org.springframework.beans.factory.BeanCreationException: Error creating bean with name 'bonusService': Injection of resource dependencies failed; nested exception is org.springframework.beans.factory.NoSuchBeanDefinitionException: No bean named 'bonusMySqlRepo' available
2022-04-08 21:07:14.083  INFO 17868 --- [main] o.apache.catalina.core.StandardService   : Stopping service [Tomcat]
2022-04-08 21:07:14.103  INFO 17868 --- [main] ConditionEvaluationReportLoggingListener : 

Error starting ApplicationContext. To display the conditions report re-run your application with 'debug' enabled.
2022-04-08 21:07:14.120 ERROR 17868 --- [main] o.s.b.d.LoggingFailureAnalysisReporter   : 

***************************
APPLICATION FAILED TO START
***************************

Description:

Field bonusService in com.springboot.my.org.crudapi.controller.BonusController required a bean named 'bonusMySqlRepo' that could not be found.

The injection point has the following annotations:
	- @org.springframework.beans.factory.annotation.Autowired(required=true)


Action:

Consider defining a bean named 'bonusMySqlRepo' in your configuration.

2022-04-08 21:08:37.960  INFO 11016 --- [main] .m.o.c.SpringbootmyorgcrudapiApplication : Starting SpringbootmyorgcrudapiApplication using Java 17.0.2 on AshweshPC with PID 11016 (D:\Web Projects\springbootmyorgcrudapi\target\classes started by ASUS in D:\Web Projects\springbootmyorgcrudapi)
2022-04-08 21:08:37.963  INFO 11016 --- [main] .m.o.c.SpringbootmyorgcrudapiApplication : No active profile set, falling back to 1 default profile: "default"
2022-04-08 21:08:38.839  INFO 11016 --- [main] o.s.b.w.embedded.tomcat.TomcatWebServer  : Tomcat initialized with port(s): 8080 (http)
2022-04-08 21:08:38.846  INFO 11016 --- [main] o.apache.catalina.core.StandardService   : Starting service [Tomcat]
2022-04-08 21:08:38.846  INFO 11016 --- [main] org.apache.catalina.core.StandardEngine  : Starting Servlet engine: [Apache Tomcat/9.0.60]
2022-04-08 21:08:38.913  INFO 11016 --- [main] o.a.c.c.C.[Tomcat].[localhost].[/]       : Initializing Spring embedded WebApplicationContext
2022-04-08 21:08:38.913  INFO 11016 --- [main] w.s.c.ServletWebServerApplicationContext : Root WebApplicationContext: initialization completed in 893 ms
2022-04-08 21:08:39.025  WARN 11016 --- [main] ConfigServletWebServerApplicationContext : Exception encountered during context initialization - cancelling refresh attempt: org.springframework.beans.factory.UnsatisfiedDependencyException: Error creating bean with name 'bonusController': Unsatisfied dependency expressed through field 'bonusService'; nested exception is org.springframework.beans.factory.BeanCreationException: Error creating bean with name 'bonusService': Injection of resource dependencies failed; nested exception is org.springframework.beans.factory.NoSuchBeanDefinitionException: No bean named 'bonusMySqlRepo' available
2022-04-08 21:08:39.028  INFO 11016 --- [main] o.apache.catalina.core.StandardService   : Stopping service [Tomcat]
2022-04-08 21:08:39.044  INFO 11016 --- [main] ConditionEvaluationReportLoggingListener : 

Error starting ApplicationContext. To display the conditions report re-run your application with 'debug' enabled.
2022-04-08 21:08:39.056 ERROR 11016 --- [main] o.s.b.d.LoggingFailureAnalysisReporter   : 

***************************
APPLICATION FAILED TO START
***************************

Description:

Field bonusService in com.springboot.my.org.crudapi.controller.BonusController required a bean named 'bonusMySqlRepo' that could not be found.

The injection point has the following annotations:
	- @org.springframework.beans.factory.annotation.Autowired(required=true)


Action:

Consider defining a bean named 'bonusMySqlRepo' in your configuration.

2022-04-08 21:11:00.949  INFO 19768 --- [main] .m.o.c.SpringbootmyorgcrudapiApplication : Starting SpringbootmyorgcrudapiApplication using Java 17.0.2 on AshweshPC with PID 19768 (D:\Web Projects\springbootmyorgcrudapi\target\classes started by ASUS in D:\Web Projects\springbootmyorgcrudapi)
2022-04-08 21:11:00.951  INFO 19768 --- [main] .m.o.c.SpringbootmyorgcrudapiApplication : No active profile set, falling back to 1 default profile: "default"
2022-04-08 21:11:01.745  INFO 19768 --- [main] o.s.b.w.embedded.tomcat.TomcatWebServer  : Tomcat initialized with port(s): 8080 (http)
2022-04-08 21:11:01.751  INFO 19768 --- [main] o.apache.catalina.core.StandardService   : Starting service [Tomcat]
2022-04-08 21:11:01.752  INFO 19768 --- [main] org.apache.catalina.core.StandardEngine  : Starting Servlet engine: [Apache Tomcat/9.0.60]
2022-04-08 21:11:01.829  INFO 19768 --- [main] o.a.c.c.C.[Tomcat].[localhost].[/]       : Initializing Spring embedded WebApplicationContext
2022-04-08 21:11:01.829  INFO 19768 --- [main] w.s.c.ServletWebServerApplicationContext : Root WebApplicationContext: initialization completed in 841 ms
2022-04-08 21:11:02.164  WARN 19768 --- [main] ConfigServletWebServerApplicationContext : Exception encountered during context initialization - cancelling refresh attempt: org.springframework.beans.factory.UnsatisfiedDependencyException: Error creating bean with name 'workerController': Unsatisfied dependency expressed through field 'workerService'; nested exception is org.springframework.beans.factory.BeanCreationException: Error creating bean with name 'workerService': Injection of resource dependencies failed; nested exception is org.springframework.beans.factory.NoSuchBeanDefinitionException: No bean named 'workerMySqlRepo' available
2022-04-08 21:11:02.166  INFO 19768 --- [main] o.apache.catalina.core.StandardService   : Stopping service [Tomcat]
2022-04-08 21:11:02.178  INFO 19768 --- [main] ConditionEvaluationReportLoggingListener : 

Error starting ApplicationContext. To display the conditions report re-run your application with 'debug' enabled.
2022-04-08 21:11:02.190 ERROR 19768 --- [main] o.s.b.d.LoggingFailureAnalysisReporter   : 

***************************
APPLICATION FAILED TO START
***************************

Description:

Field workerService in com.springboot.my.org.crudapi.controller.WorkerController required a bean named 'workerMySqlRepo' that could not be found.

The injection point has the following annotations:
	- @org.springframework.beans.factory.annotation.Autowired(required=true)


Action:

Consider defining a bean named 'workerMySqlRepo' in your configuration.

2022-04-08 21:11:32.435  INFO 3536 --- [main] .m.o.c.SpringbootmyorgcrudapiApplication : Starting SpringbootmyorgcrudapiApplication using Java 17.0.2 on AshweshPC with PID 3536 (D:\Web Projects\springbootmyorgcrudapi\target\classes started by ASUS in D:\Web Projects\springbootmyorgcrudapi)
2022-04-08 21:11:32.438  INFO 3536 --- [main] .m.o.c.SpringbootmyorgcrudapiApplication : No active profile set, falling back to 1 default profile: "default"
2022-04-08 21:11:33.252  INFO 3536 --- [main] o.s.b.w.embedded.tomcat.TomcatWebServer  : Tomcat initialized with port(s): 8080 (http)
2022-04-08 21:11:33.259  INFO 3536 --- [main] o.apache.catalina.core.StandardService   : Starting service [Tomcat]
2022-04-08 21:11:33.259  INFO 3536 --- [main] org.apache.catalina.core.StandardEngine  : Starting Servlet engine: [Apache Tomcat/9.0.60]
2022-04-08 21:11:33.333  INFO 3536 --- [main] o.a.c.c.C.[Tomcat].[localhost].[/]       : Initializing Spring embedded WebApplicationContext
2022-04-08 21:11:33.333  INFO 3536 --- [main] w.s.c.ServletWebServerApplicationContext : Root WebApplicationContext: initialization completed in 865 ms
2022-04-08 21:11:34.041  INFO 3536 --- [main] o.s.b.a.e.web.EndpointLinksResolver      : Exposing 1 endpoint(s) beneath base path '/actuator'
2022-04-08 21:11:34.078  INFO 3536 --- [main] o.s.b.w.embedded.tomcat.TomcatWebServer  : Tomcat started on port(s): 8080 (http) with context path ''
2022-04-08 21:11:34.090  INFO 3536 --- [main] .m.o.c.SpringbootmyorgcrudapiApplication : Started SpringbootmyorgcrudapiApplication in 1.964 seconds (JVM running for 2.519)
2022-04-08 21:11:36.740  INFO 3536 --- [RMI TCP Connection(3)-127.0.0.1] o.a.c.c.C.[Tomcat].[localhost].[/]       : Initializing Spring DispatcherServlet 'dispatcherServlet'
2022-04-08 21:11:36.741  INFO 3536 --- [RMI TCP Connection(3)-127.0.0.1] o.s.web.servlet.DispatcherServlet        : Initializing Servlet 'dispatcherServlet'
2022-04-08 21:11:36.742  INFO 3536 --- [RMI TCP Connection(3)-127.0.0.1] o.s.web.servlet.DispatcherServlet        : Completed initialization in 1 ms
2022-04-08 21:15:01.870  INFO 3536 --- [RMI TCP Connection(9)-127.0.0.1] inMXBeanRegistrar$SpringApplicationAdmin : Application shutdown requested.
2022-04-08 21:15:06.782  INFO 12368 --- [main] .m.o.c.SpringbootmyorgcrudapiApplication : Starting SpringbootmyorgcrudapiApplication using Java 17.0.2 on AshweshPC with PID 12368 (D:\Web Projects\springbootmyorgcrudapi\target\classes started by ASUS in D:\Web Projects\springbootmyorgcrudapi)
2022-04-08 21:15:06.786  INFO 12368 --- [main] .m.o.c.SpringbootmyorgcrudapiApplication : No active profile set, falling back to 1 default profile: "default"
2022-04-08 21:15:07.854  INFO 12368 --- [main] o.s.b.w.embedded.tomcat.TomcatWebServer  : Tomcat initialized with port(s): 8080 (http)
2022-04-08 21:15:07.861  INFO 12368 --- [main] o.apache.catalina.core.StandardService   : Starting service [Tomcat]
2022-04-08 21:15:07.862  INFO 12368 --- [main] org.apache.catalina.core.StandardEngine  : Starting Servlet engine: [Apache Tomcat/9.0.60]
2022-04-08 21:15:07.960  INFO 12368 --- [main] o.a.c.c.C.[Tomcat].[localhost].[/]       : Initializing Spring embedded WebApplicationContext
2022-04-08 21:15:07.961  INFO 12368 --- [main] w.s.c.ServletWebServerApplicationContext : Root WebApplicationContext: initialization completed in 1126 ms
2022-04-08 21:15:08.829  INFO 12368 --- [main] o.s.b.a.e.web.EndpointLinksResolver      : Exposing 1 endpoint(s) beneath base path '/actuator'
2022-04-08 21:15:08.872  INFO 12368 --- [main] o.s.b.w.embedded.tomcat.TomcatWebServer  : Tomcat started on port(s): 8080 (http) with context path ''
2022-04-08 21:15:08.886  INFO 12368 --- [main] .m.o.c.SpringbootmyorgcrudapiApplication : Started SpringbootmyorgcrudapiApplication in 2.454 seconds (JVM running for 3.06)
2022-04-08 21:15:09.911  INFO 12368 --- [RMI TCP Connection(3)-127.0.0.1] o.a.c.c.C.[Tomcat].[localhost].[/]       : Initializing Spring DispatcherServlet 'dispatcherServlet'
2022-04-08 21:15:09.911  INFO 12368 --- [RMI TCP Connection(3)-127.0.0.1] o.s.web.servlet.DispatcherServlet        : Initializing Servlet 'dispatcherServlet'
2022-04-08 21:15:09.912  INFO 12368 --- [RMI TCP Connection(3)-127.0.0.1] o.s.web.servlet.DispatcherServlet        : Completed initialization in 1 ms
2022-04-08 21:19:37.354  WARN 12368 --- [http-nio-8080-exec-2] .w.s.m.s.DefaultHandlerExceptionResolver : Resolved [org.springframework.web.bind.MissingServletRequestParameterException: Required request parameter 'BonusId' for method parameter type Integer is not present]
2022-04-08 21:19:49.571  WARN 12368 --- [http-nio-8080-exec-4] .w.s.m.s.DefaultHandlerExceptionResolver : Resolved [org.springframework.web.bind.MissingServletRequestParameterException: Required request parameter 'BonusId' for method parameter type Integer is not present]
2022-04-08 21:20:05.983  WARN 12368 --- [http-nio-8080-exec-6] .w.s.m.s.DefaultHandlerExceptionResolver : Resolved [org.springframework.web.bind.MissingServletRequestParameterException: Required request parameter 'BonusId' for method parameter type Integer is not present]
2022-04-08 21:22:33.120  WARN 12368 --- [http-nio-8080-exec-1] .w.s.m.s.DefaultHandlerExceptionResolver : Resolved [org.springframework.web.HttpRequestMethodNotSupportedException: Request method 'GET' not supported]
2022-04-08 21:22:47.321  INFO 12368 --- [http-nio-8080-exec-2] c.s.m.o.c.controller.BonusController     : Bonus created.
2022-04-08 21:24:32.342  INFO 12368 --- [RMI TCP Connection(14)-127.0.0.1] inMXBeanRegistrar$SpringApplicationAdmin : Application shutdown requested.
2022-04-08 21:24:36.254  INFO 19324 --- [main] .m.o.c.SpringbootmyorgcrudapiApplication : Starting SpringbootmyorgcrudapiApplication using Java 17.0.2 on AshweshPC with PID 19324 (D:\Web Projects\springbootmyorgcrudapi\target\classes started by ASUS in D:\Web Projects\springbootmyorgcrudapi)
2022-04-08 21:24:36.257  INFO 19324 --- [main] .m.o.c.SpringbootmyorgcrudapiApplication : No active profile set, falling back to 1 default profile: "default"
2022-04-08 21:24:37.532  INFO 19324 --- [main] o.s.b.w.embedded.tomcat.TomcatWebServer  : Tomcat initialized with port(s): 8080 (http)
2022-04-08 21:24:37.543  INFO 19324 --- [main] o.apache.catalina.core.StandardService   : Starting service [Tomcat]
2022-04-08 21:24:37.543  INFO 19324 --- [main] org.apache.catalina.core.StandardEngine  : Starting Servlet engine: [Apache Tomcat/9.0.60]
2022-04-08 21:24:37.655  INFO 19324 --- [main] o.a.c.c.C.[Tomcat].[localhost].[/]       : Initializing Spring embedded WebApplicationContext
2022-04-08 21:24:37.656  INFO 19324 --- [main] w.s.c.ServletWebServerApplicationContext : Root WebApplicationContext: initialization completed in 1338 ms
2022-04-08 21:24:38.947  INFO 19324 --- [main] o.s.b.a.e.web.EndpointLinksResolver      : Exposing 1 endpoint(s) beneath base path '/actuator'
2022-04-08 21:24:39.001  INFO 19324 --- [main] o.s.b.w.embedded.tomcat.TomcatWebServer  : Tomcat started on port(s): 8080 (http) with context path ''
2022-04-08 21:24:39.019  INFO 19324 --- [main] .m.o.c.SpringbootmyorgcrudapiApplication : Started SpringbootmyorgcrudapiApplication in 3.198 seconds (JVM running for 3.912)
2022-04-08 21:24:41.464  INFO 19324 --- [RMI TCP Connection(3)-127.0.0.1] o.a.c.c.C.[Tomcat].[localhost].[/]       : Initializing Spring DispatcherServlet 'dispatcherServlet'
2022-04-08 21:24:41.464  INFO 19324 --- [RMI TCP Connection(3)-127.0.0.1] o.s.web.servlet.DispatcherServlet        : Initializing Servlet 'dispatcherServlet'
2022-04-08 21:24:41.465  INFO 19324 --- [RMI TCP Connection(3)-127.0.0.1] o.s.web.servlet.DispatcherServlet        : Completed initialization in 1 ms
2022-04-08 21:25:19.712  WARN 19324 --- [http-nio-8080-exec-1] .w.s.m.s.DefaultHandlerExceptionResolver : Resolved [org.springframework.web.HttpRequestMethodNotSupportedException: Request method 'GET' not supported]
2022-04-08 21:30:13.304  INFO 19324 --- [RMI TCP Connection(10)-127.0.0.1] inMXBeanRegistrar$SpringApplicationAdmin : Application shutdown requested.
2022-04-08 21:30:16.600  INFO 20224 --- [main] .m.o.c.SpringbootmyorgcrudapiApplication : Starting SpringbootmyorgcrudapiApplication using Java 17.0.2 on AshweshPC with PID 20224 (D:\Web Projects\springbootmyorgcrudapi\target\classes started by ASUS in D:\Web Projects\springbootmyorgcrudapi)
2022-04-08 21:30:16.603  INFO 20224 --- [main] .m.o.c.SpringbootmyorgcrudapiApplication : No active profile set, falling back to 1 default profile: "default"
2022-04-08 21:30:17.767  INFO 20224 --- [main] o.s.b.w.embedded.tomcat.TomcatWebServer  : Tomcat initialized with port(s): 8080 (http)
2022-04-08 21:30:17.777  INFO 20224 --- [main] o.apache.catalina.core.StandardService   : Starting service [Tomcat]
2022-04-08 21:30:17.777  INFO 20224 --- [main] org.apache.catalina.core.StandardEngine  : Starting Servlet engine: [Apache Tomcat/9.0.60]
2022-04-08 21:30:17.874  INFO 20224 --- [main] o.a.c.c.C.[Tomcat].[localhost].[/]       : Initializing Spring embedded WebApplicationContext
2022-04-08 21:30:17.874  INFO 20224 --- [main] w.s.c.ServletWebServerApplicationContext : Root WebApplicationContext: initialization completed in 1208 ms
2022-04-08 21:30:18.769  INFO 20224 --- [main] o.s.b.a.e.web.EndpointLinksResolver      : Exposing 1 endpoint(s) beneath base path '/actuator'
2022-04-08 21:30:18.803  INFO 20224 --- [main] o.s.b.w.embedded.tomcat.TomcatWebServer  : Tomcat started on port(s): 8080 (http) with context path ''
2022-04-08 21:30:18.815  INFO 20224 --- [main] .m.o.c.SpringbootmyorgcrudapiApplication : Started SpringbootmyorgcrudapiApplication in 2.661 seconds (JVM running for 3.388)
2022-04-08 21:30:20.440  INFO 20224 --- [RMI TCP Connection(3)-127.0.0.1] o.a.c.c.C.[Tomcat].[localhost].[/]       : Initializing Spring DispatcherServlet 'dispatcherServlet'
2022-04-08 21:30:20.441  INFO 20224 --- [RMI TCP Connection(3)-127.0.0.1] o.s.web.servlet.DispatcherServlet        : Initializing Servlet 'dispatcherServlet'
2022-04-08 21:30:20.442  INFO 20224 --- [RMI TCP Connection(3)-127.0.0.1] o.s.web.servlet.DispatcherServlet        : Completed initialization in 1 ms
2022-04-08 21:32:01.460  INFO 20224 --- [RMI TCP Connection(5)-127.0.0.1] inMXBeanRegistrar$SpringApplicationAdmin : Application shutdown requested.
2022-04-08 21:32:04.508  INFO 18568 --- [main] .m.o.c.SpringbootmyorgcrudapiApplication : Starting SpringbootmyorgcrudapiApplication using Java 17.0.2 on AshweshPC with PID 18568 (D:\Web Projects\springbootmyorgcrudapi\target\classes started by ASUS in D:\Web Projects\springbootmyorgcrudapi)
2022-04-08 21:32:04.511  INFO 18568 --- [main] .m.o.c.SpringbootmyorgcrudapiApplication : No active profile set, falling back to 1 default profile: "default"
2022-04-08 21:32:05.504  INFO 18568 --- [main] o.s.b.w.embedded.tomcat.TomcatWebServer  : Tomcat initialized with port(s): 8080 (http)
2022-04-08 21:32:05.511  INFO 18568 --- [main] o.apache.catalina.core.StandardService   : Starting service [Tomcat]
2022-04-08 21:32:05.512  INFO 18568 --- [main] org.apache.catalina.core.StandardEngine  : Starting Servlet engine: [Apache Tomcat/9.0.60]
2022-04-08 21:32:05.596  INFO 18568 --- [main] o.a.c.c.C.[Tomcat].[localhost].[/]       : Initializing Spring embedded WebApplicationContext
2022-04-08 21:32:05.597  INFO 18568 --- [main] w.s.c.ServletWebServerApplicationContext : Root WebApplicationContext: initialization completed in 1046 ms
2022-04-08 21:32:06.379  INFO 18568 --- [main] o.s.b.a.e.web.EndpointLinksResolver      : Exposing 1 endpoint(s) beneath base path '/actuator'
2022-04-08 21:32:06.416  INFO 18568 --- [main] o.s.b.w.embedded.tomcat.TomcatWebServer  : Tomcat started on port(s): 8080 (http) with context path ''
2022-04-08 21:32:06.427  INFO 18568 --- [main] .m.o.c.SpringbootmyorgcrudapiApplication : Started SpringbootmyorgcrudapiApplication in 2.255 seconds (JVM running for 2.739)
2022-04-08 21:32:09.104  INFO 18568 --- [RMI TCP Connection(3)-127.0.0.1] o.a.c.c.C.[Tomcat].[localhost].[/]       : Initializing Spring DispatcherServlet 'dispatcherServlet'
2022-04-08 21:32:09.104  INFO 18568 --- [RMI TCP Connection(3)-127.0.0.1] o.s.web.servlet.DispatcherServlet        : Initializing Servlet 'dispatcherServlet'
2022-04-08 21:32:09.105  INFO 18568 --- [RMI TCP Connection(3)-127.0.0.1] o.s.web.servlet.DispatcherServlet        : Completed initialization in 1 ms
2022-04-08 21:36:45.089  WARN 18568 --- [http-nio-8080-exec-10] .w.s.m.s.DefaultHandlerExceptionResolver : Resolved [org.springframework.web.HttpRequestMethodNotSupportedException: Request method 'GET' not supported]
2022-04-08 21:36:50.586  INFO 18568 --- [http-nio-8080-exec-1] c.s.m.o.c.controller.TitleController     : Title created.
2022-04-08 21:37:50.133  WARN 18568 --- [http-nio-8080-exec-2] .w.s.m.s.DefaultHandlerExceptionResolver : Resolved [org.springframework.web.HttpRequestMethodNotSupportedException: Request method 'GET' not supported]
2022-04-08 21:43:44.766  INFO 18568 --- [RMI TCP Connection(18)-127.0.0.1] inMXBeanRegistrar$SpringApplicationAdmin : Application shutdown requested.
2022-04-08 21:43:48.788  INFO 3480 --- [main] .m.o.c.SpringbootmyorgcrudapiApplication : Starting SpringbootmyorgcrudapiApplication using Java 17.0.2 on AshweshPC with PID 3480 (D:\Web Projects\springbootmyorgcrudapi\target\classes started by ASUS in D:\Web Projects\springbootmyorgcrudapi)
2022-04-08 21:43:48.792  INFO 3480 --- [main] .m.o.c.SpringbootmyorgcrudapiApplication : No active profile set, falling back to 1 default profile: "default"
2022-04-08 21:43:50.020  INFO 3480 --- [main] o.s.b.w.embedded.tomcat.TomcatWebServer  : Tomcat initialized with port(s): 8080 (http)
2022-04-08 21:43:50.028  INFO 3480 --- [main] o.apache.catalina.core.StandardService   : Starting service [Tomcat]
2022-04-08 21:43:50.029  INFO 3480 --- [main] org.apache.catalina.core.StandardEngine  : Starting Servlet engine: [Apache Tomcat/9.0.60]
2022-04-08 21:43:50.126  INFO 3480 --- [main] o.a.c.c.C.[Tomcat].[localhost].[/]       : Initializing Spring embedded WebApplicationContext
2022-04-08 21:43:50.126  INFO 3480 --- [main] w.s.c.ServletWebServerApplicationContext : Root WebApplicationContext: initialization completed in 1272 ms
2022-04-08 21:43:51.023  INFO 3480 --- [main] o.s.b.a.e.web.EndpointLinksResolver      : Exposing 1 endpoint(s) beneath base path '/actuator'
2022-04-08 21:43:51.063  INFO 3480 --- [main] o.s.b.w.embedded.tomcat.TomcatWebServer  : Tomcat started on port(s): 8080 (http) with context path ''
2022-04-08 21:43:51.075  INFO 3480 --- [main] .m.o.c.SpringbootmyorgcrudapiApplication : Started SpringbootmyorgcrudapiApplication in 2.705 seconds (JVM running for 3.382)
2022-04-08 21:43:53.605  INFO 3480 --- [RMI TCP Connection(3)-127.0.0.1] o.a.c.c.C.[Tomcat].[localhost].[/]       : Initializing Spring DispatcherServlet 'dispatcherServlet'
2022-04-08 21:43:53.606  INFO 3480 --- [RMI TCP Connection(3)-127.0.0.1] o.s.web.servlet.DispatcherServlet        : Initializing Servlet 'dispatcherServlet'
2022-04-08 21:43:53.611  INFO 3480 --- [RMI TCP Connection(3)-127.0.0.1] o.s.web.servlet.DispatcherServlet        : Completed initialization in 4 ms
2022-04-08 21:44:01.194  INFO 3480 --- [http-nio-8080-exec-2] c.s.m.o.c.controller.BonusController     : Bonus created.
2022-04-08 21:44:21.585  INFO 3480 --- [http-nio-8080-exec-4] c.s.m.o.c.controller.TitleController     : Title created.
2022-04-08 21:46:11.865  INFO 3480 --- [RMI TCP Connection(6)-127.0.0.1] inMXBeanRegistrar$SpringApplicationAdmin : Application shutdown requested.
2022-04-08 21:46:15.133  INFO 10764 --- [main] .m.o.c.SpringbootmyorgcrudapiApplication : Starting SpringbootmyorgcrudapiApplication using Java 17.0.2 on AshweshPC with PID 10764 (D:\Web Projects\springbootmyorgcrudapi\target\classes started by ASUS in D:\Web Projects\springbootmyorgcrudapi)
2022-04-08 21:46:15.135  INFO 10764 --- [main] .m.o.c.SpringbootmyorgcrudapiApplication : No active profile set, falling back to 1 default profile: "default"
2022-04-08 21:46:16.349  INFO 10764 --- [main] o.s.b.w.embedded.tomcat.TomcatWebServer  : Tomcat initialized with port(s): 8080 (http)
2022-04-08 21:46:16.357  INFO 10764 --- [main] o.apache.catalina.core.StandardService   : Starting service [Tomcat]
2022-04-08 21:46:16.357  INFO 10764 --- [main] org.apache.catalina.core.StandardEngine  : Starting Servlet engine: [Apache Tomcat/9.0.60]
2022-04-08 21:46:16.444  INFO 10764 --- [main] o.a.c.c.C.[Tomcat].[localhost].[/]       : Initializing Spring embedded WebApplicationContext
2022-04-08 21:46:16.445  INFO 10764 --- [main] w.s.c.ServletWebServerApplicationContext : Root WebApplicationContext: initialization completed in 1252 ms
2022-04-08 21:46:17.305  INFO 10764 --- [main] o.s.b.a.e.web.EndpointLinksResolver      : Exposing 1 endpoint(s) beneath base path '/actuator'
2022-04-08 21:46:17.339  INFO 10764 --- [main] o.s.b.w.embedded.tomcat.TomcatWebServer  : Tomcat started on port(s): 8080 (http) with context path ''
2022-04-08 21:46:17.351  INFO 10764 --- [main] .m.o.c.SpringbootmyorgcrudapiApplication : Started SpringbootmyorgcrudapiApplication in 2.64 seconds (JVM running for 3.335)
2022-04-08 21:46:19.356  INFO 10764 --- [RMI TCP Connection(3)-127.0.0.1] o.a.c.c.C.[Tomcat].[localhost].[/]       : Initializing Spring DispatcherServlet 'dispatcherServlet'
2022-04-08 21:46:19.357  INFO 10764 --- [RMI TCP Connection(3)-127.0.0.1] o.s.web.servlet.DispatcherServlet        : Initializing Servlet 'dispatcherServlet'
2022-04-08 21:46:19.358  INFO 10764 --- [RMI TCP Connection(3)-127.0.0.1] o.s.web.servlet.DispatcherServlet        : Completed initialization in 1 ms
2022-04-08 21:47:04.128  INFO 10764 --- [RMI TCP Connection(5)-127.0.0.1] inMXBeanRegistrar$SpringApplicationAdmin : Application shutdown requested.
2022-04-08 21:47:07.579  INFO 19044 --- [main] .m.o.c.SpringbootmyorgcrudapiApplication : Starting SpringbootmyorgcrudapiApplication using Java 17.0.2 on AshweshPC with PID 19044 (D:\Web Projects\springbootmyorgcrudapi\target\classes started by ASUS in D:\Web Projects\springbootmyorgcrudapi)
2022-04-08 21:47:07.582  INFO 19044 --- [main] .m.o.c.SpringbootmyorgcrudapiApplication : No active profile set, falling back to 1 default profile: "default"
2022-04-08 21:47:08.456  INFO 19044 --- [main] o.s.b.w.embedded.tomcat.TomcatWebServer  : Tomcat initialized with port(s): 8080 (http)
2022-04-08 21:47:08.462  INFO 19044 --- [main] o.apache.catalina.core.StandardService   : Starting service [Tomcat]
2022-04-08 21:47:08.462  INFO 19044 --- [main] org.apache.catalina.core.StandardEngine  : Starting Servlet engine: [Apache Tomcat/9.0.60]
2022-04-08 21:47:08.532  INFO 19044 --- [main] o.a.c.c.C.[Tomcat].[localhost].[/]       : Initializing Spring embedded WebApplicationContext
2022-04-08 21:47:08.532  INFO 19044 --- [main] w.s.c.ServletWebServerApplicationContext : Root WebApplicationContext: initialization completed in 906 ms
2022-04-08 21:47:09.307  INFO 19044 --- [main] o.s.b.a.e.web.EndpointLinksResolver      : Exposing 1 endpoint(s) beneath base path '/actuator'
2022-04-08 21:47:09.343  INFO 19044 --- [main] o.s.b.w.embedded.tomcat.TomcatWebServer  : Tomcat started on port(s): 8080 (http) with context path ''
2022-04-08 21:47:09.354  INFO 19044 --- [main] .m.o.c.SpringbootmyorgcrudapiApplication : Started SpringbootmyorgcrudapiApplication in 2.088 seconds (JVM running for 2.666)
2022-04-08 21:47:11.567  INFO 19044 --- [RMI TCP Connection(3)-127.0.0.1] o.a.c.c.C.[Tomcat].[localhost].[/]       : Initializing Spring DispatcherServlet 'dispatcherServlet'
2022-04-08 21:47:11.567  INFO 19044 --- [RMI TCP Connection(3)-127.0.0.1] o.s.web.servlet.DispatcherServlet        : Initializing Servlet 'dispatcherServlet'
2022-04-08 21:47:11.569  INFO 19044 --- [RMI TCP Connection(3)-127.0.0.1] o.s.web.servlet.DispatcherServlet        : Completed initialization in 1 ms
2022-04-08 21:54:41.823  INFO 19044 --- [RMI TCP Connection(12)-127.0.0.1] inMXBeanRegistrar$SpringApplicationAdmin : Application shutdown requested.
2022-04-08 21:54:54.492  INFO 13832 --- [main] .m.o.c.SpringbootmyorgcrudapiApplication : Starting SpringbootmyorgcrudapiApplication using Java 17.0.2 on AshweshPC with PID 13832 (D:\Web Projects\springbootmyorgcrudapi\target\classes started by ASUS in D:\Web Projects\springbootmyorgcrudapi)
2022-04-08 21:54:54.495  INFO 13832 --- [main] .m.o.c.SpringbootmyorgcrudapiApplication : No active profile set, falling back to 1 default profile: "default"
2022-04-08 21:54:55.735  INFO 13832 --- [main] o.s.b.w.embedded.tomcat.TomcatWebServer  : Tomcat initialized with port(s): 8080 (http)
2022-04-08 21:54:55.753  INFO 13832 --- [main] o.apache.catalina.core.StandardService   : Starting service [Tomcat]
2022-04-08 21:54:55.753  INFO 13832 --- [main] org.apache.catalina.core.StandardEngine  : Starting Servlet engine: [Apache Tomcat/9.0.60]
2022-04-08 21:54:55.849  INFO 13832 --- [main] o.a.c.c.C.[Tomcat].[localhost].[/]       : Initializing Spring embedded WebApplicationContext
2022-04-08 21:54:55.850  INFO 13832 --- [main] w.s.c.ServletWebServerApplicationContext : Root WebApplicationContext: initialization completed in 1302 ms
2022-04-08 21:54:56.860  INFO 13832 --- [main] o.s.b.a.e.web.EndpointLinksResolver      : Exposing 1 endpoint(s) beneath base path '/actuator'
2022-04-08 21:54:56.910  INFO 13832 --- [main] o.s.b.w.embedded.tomcat.TomcatWebServer  : Tomcat started on port(s): 8080 (http) with context path ''
2022-04-08 21:54:56.928  INFO 13832 --- [main] .m.o.c.SpringbootmyorgcrudapiApplication : Started SpringbootmyorgcrudapiApplication in 2.893 seconds (JVM running for 3.571)
2022-04-08 21:54:57.565  INFO 13832 --- [RMI TCP Connection(3)-127.0.0.1] o.a.c.c.C.[Tomcat].[localhost].[/]       : Initializing Spring DispatcherServlet 'dispatcherServlet'
2022-04-08 21:54:57.566  INFO 13832 --- [RMI TCP Connection(3)-127.0.0.1] o.s.web.servlet.DispatcherServlet        : Initializing Servlet 'dispatcherServlet'
2022-04-08 21:54:57.567  INFO 13832 --- [RMI TCP Connection(3)-127.0.0.1] o.s.web.servlet.DispatcherServlet        : Completed initialization in 1 ms
2022-04-08 22:01:49.930  INFO 13832 --- [RMI TCP Connection(12)-127.0.0.1] inMXBeanRegistrar$SpringApplicationAdmin : Application shutdown requested.
2022-04-08 22:02:06.847  INFO 15048 --- [main] .m.o.c.SpringbootmyorgcrudapiApplication : Starting SpringbootmyorgcrudapiApplication using Java 17.0.2 on AshweshPC with PID 15048 (D:\Web Projects\springbootmyorgcrudapi\target\classes started by ASUS in D:\Web Projects\springbootmyorgcrudapi)
2022-04-08 22:02:06.850  INFO 15048 --- [main] .m.o.c.SpringbootmyorgcrudapiApplication : No active profile set, falling back to 1 default profile: "default"
2022-04-08 22:02:07.894  INFO 15048 --- [main] o.s.b.w.embedded.tomcat.TomcatWebServer  : Tomcat initialized with port(s): 8080 (http)
2022-04-08 22:02:07.901  INFO 15048 --- [main] o.apache.catalina.core.StandardService   : Starting service [Tomcat]
2022-04-08 22:02:07.902  INFO 15048 --- [main] org.apache.catalina.core.StandardEngine  : Starting Servlet engine: [Apache Tomcat/9.0.60]
2022-04-08 22:02:07.988  INFO 15048 --- [main] o.a.c.c.C.[Tomcat].[localhost].[/]       : Initializing Spring embedded WebApplicationContext
2022-04-08 22:02:07.988  INFO 15048 --- [main] w.s.c.ServletWebServerApplicationContext : Root WebApplicationContext: initialization completed in 1086 ms
2022-04-08 22:02:09.003  INFO 15048 --- [main] o.s.b.a.e.web.EndpointLinksResolver      : Exposing 1 endpoint(s) beneath base path '/actuator'
2022-04-08 22:02:09.061  INFO 15048 --- [main] o.s.b.w.embedded.tomcat.TomcatWebServer  : Tomcat started on port(s): 8080 (http) with context path ''
2022-04-08 22:02:09.076  INFO 15048 --- [main] .m.o.c.SpringbootmyorgcrudapiApplication : Started SpringbootmyorgcrudapiApplication in 2.557 seconds (JVM running for 3.2)
2022-04-08 22:02:10.438  INFO 15048 --- [RMI TCP Connection(3)-127.0.0.1] o.a.c.c.C.[Tomcat].[localhost].[/]       : Initializing Spring DispatcherServlet 'dispatcherServlet'
2022-04-08 22:02:10.438  INFO 15048 --- [RMI TCP Connection(3)-127.0.0.1] o.s.web.servlet.DispatcherServlet        : Initializing Servlet 'dispatcherServlet'
2022-04-08 22:02:10.439  INFO 15048 --- [RMI TCP Connection(3)-127.0.0.1] o.s.web.servlet.DispatcherServlet        : Completed initialization in 1 ms
2022-04-08 22:02:34.901  INFO 15048 --- [RMI TCP Connection(2)-127.0.0.1] inMXBeanRegistrar$SpringApplicationAdmin : Application shutdown requested.
2022-04-08 22:02:37.136  INFO 5412 --- [main] .m.o.c.SpringbootmyorgcrudapiApplication : Starting SpringbootmyorgcrudapiApplication using Java 17.0.2 on AshweshPC with PID 5412 (D:\Web Projects\springbootmyorgcrudapi\target\classes started by ASUS in D:\Web Projects\springbootmyorgcrudapi)
2022-04-08 22:02:37.138  INFO 5412 --- [main] .m.o.c.SpringbootmyorgcrudapiApplication : No active profile set, falling back to 1 default profile: "default"
2022-04-08 22:02:38.081  INFO 5412 --- [main] o.s.b.w.embedded.tomcat.TomcatWebServer  : Tomcat initialized with port(s): 8080 (http)
2022-04-08 22:02:38.088  INFO 5412 --- [main] o.apache.catalina.core.StandardService   : Starting service [Tomcat]
2022-04-08 22:02:38.088  INFO 5412 --- [main] org.apache.catalina.core.StandardEngine  : Starting Servlet engine: [Apache Tomcat/9.0.60]
2022-04-08 22:02:38.158  INFO 5412 --- [main] o.a.c.c.C.[Tomcat].[localhost].[/]       : Initializing Spring embedded WebApplicationContext
2022-04-08 22:02:38.158  INFO 5412 --- [main] w.s.c.ServletWebServerApplicationContext : Root WebApplicationContext: initialization completed in 974 ms
2022-04-08 22:02:38.898  INFO 5412 --- [main] o.s.b.a.e.web.EndpointLinksResolver      : Exposing 1 endpoint(s) beneath base path '/actuator'
2022-04-08 22:02:38.938  INFO 5412 --- [main] o.s.b.w.embedded.tomcat.TomcatWebServer  : Tomcat started on port(s): 8080 (http) with context path ''
2022-04-08 22:02:38.952  INFO 5412 --- [main] .m.o.c.SpringbootmyorgcrudapiApplication : Started SpringbootmyorgcrudapiApplication in 2.14 seconds (JVM running for 2.676)
2022-04-08 22:02:40.689  INFO 5412 --- [RMI TCP Connection(3)-127.0.0.1] o.a.c.c.C.[Tomcat].[localhost].[/]       : Initializing Spring DispatcherServlet 'dispatcherServlet'
2022-04-08 22:02:40.690  INFO 5412 --- [RMI TCP Connection(3)-127.0.0.1] o.s.web.servlet.DispatcherServlet        : Initializing Servlet 'dispatcherServlet'
2022-04-08 22:02:40.692  INFO 5412 --- [RMI TCP Connection(3)-127.0.0.1] o.s.web.servlet.DispatcherServlet        : Completed initialization in 2 ms
2022-04-08 22:02:59.993  INFO 5412 --- [RMI TCP Connection(2)-127.0.0.1] inMXBeanRegistrar$SpringApplicationAdmin : Application shutdown requested.
2022-04-08 22:03:02.616  INFO 16624 --- [main] .m.o.c.SpringbootmyorgcrudapiApplication : Starting SpringbootmyorgcrudapiApplication using Java 17.0.2 on AshweshPC with PID 16624 (D:\Web Projects\springbootmyorgcrudapi\target\classes started by ASUS in D:\Web Projects\springbootmyorgcrudapi)
2022-04-08 22:03:02.618  INFO 16624 --- [main] .m.o.c.SpringbootmyorgcrudapiApplication : No active profile set, falling back to 1 default profile: "default"
2022-04-08 22:03:03.615  INFO 16624 --- [main] o.s.b.w.embedded.tomcat.TomcatWebServer  : Tomcat initialized with port(s): 8080 (http)
2022-04-08 22:03:03.623  INFO 16624 --- [main] o.apache.catalina.core.StandardService   : Starting service [Tomcat]
2022-04-08 22:03:03.624  INFO 16624 --- [main] org.apache.catalina.core.StandardEngine  : Starting Servlet engine: [Apache Tomcat/9.0.60]
2022-04-08 22:03:03.714  INFO 16624 --- [main] o.a.c.c.C.[Tomcat].[localhost].[/]       : Initializing Spring embedded WebApplicationContext
2022-04-08 22:03:03.714  INFO 16624 --- [main] w.s.c.ServletWebServerApplicationContext : Root WebApplicationContext: initialization completed in 1051 ms
2022-04-08 22:03:04.490  INFO 16624 --- [main] o.s.b.a.e.web.EndpointLinksResolver      : Exposing 1 endpoint(s) beneath base path '/actuator'
2022-04-08 22:03:04.523  INFO 16624 --- [main] o.s.b.w.embedded.tomcat.TomcatWebServer  : Tomcat started on port(s): 8080 (http) with context path ''
2022-04-08 22:03:04.534  INFO 16624 --- [main] .m.o.c.SpringbootmyorgcrudapiApplication : Started SpringbootmyorgcrudapiApplication in 2.255 seconds (JVM running for 2.772)
2022-04-08 22:03:05.786  INFO 16624 --- [RMI TCP Connection(3)-127.0.0.1] o.a.c.c.C.[Tomcat].[localhost].[/]       : Initializing Spring DispatcherServlet 'dispatcherServlet'
2022-04-08 22:03:05.786  INFO 16624 --- [RMI TCP Connection(3)-127.0.0.1] o.s.web.servlet.DispatcherServlet        : Initializing Servlet 'dispatcherServlet'
2022-04-08 22:03:05.788  INFO 16624 --- [RMI TCP Connection(3)-127.0.0.1] o.s.web.servlet.DispatcherServlet        : Completed initialization in 1 ms
2022-04-08 22:04:32.855  INFO 16624 --- [RMI TCP Connection(8)-127.0.0.1] inMXBeanRegistrar$SpringApplicationAdmin : Application shutdown requested.
2022-04-08 22:04:37.798  INFO 20008 --- [main] .m.o.c.SpringbootmyorgcrudapiApplication : Starting SpringbootmyorgcrudapiApplication using Java 17.0.2 on AshweshPC with PID 20008 (D:\Web Projects\springbootmyorgcrudapi\target\classes started by ASUS in D:\Web Projects\springbootmyorgcrudapi)
2022-04-08 22:04:37.800  INFO 20008 --- [main] .m.o.c.SpringbootmyorgcrudapiApplication : No active profile set, falling back to 1 default profile: "default"
2022-04-08 22:04:38.658  INFO 20008 --- [main] o.s.b.w.embedded.tomcat.TomcatWebServer  : Tomcat initialized with port(s): 8080 (http)
2022-04-08 22:04:38.664  INFO 20008 --- [main] o.apache.catalina.core.StandardService   : Starting service [Tomcat]
2022-04-08 22:04:38.665  INFO 20008 --- [main] org.apache.catalina.core.StandardEngine  : Starting Servlet engine: [Apache Tomcat/9.0.60]
2022-04-08 22:04:38.755  INFO 20008 --- [main] o.a.c.c.C.[Tomcat].[localhost].[/]       : Initializing Spring embedded WebApplicationContext
2022-04-08 22:04:38.755  INFO 20008 --- [main] w.s.c.ServletWebServerApplicationContext : Root WebApplicationContext: initialization completed in 909 ms
2022-04-08 22:04:39.501  INFO 20008 --- [main] o.s.b.a.e.web.EndpointLinksResolver      : Exposing 1 endpoint(s) beneath base path '/actuator'
2022-04-08 22:04:39.536  INFO 20008 --- [main] o.s.b.w.embedded.tomcat.TomcatWebServer  : Tomcat started on port(s): 8080 (http) with context path ''
2022-04-08 22:04:39.547  INFO 20008 --- [main] .m.o.c.SpringbootmyorgcrudapiApplication : Started SpringbootmyorgcrudapiApplication in 2.077 seconds (JVM running for 2.6)
2022-04-08 22:04:41.372  INFO 20008 --- [RMI TCP Connection(3)-127.0.0.1] o.a.c.c.C.[Tomcat].[localhost].[/]       : Initializing Spring DispatcherServlet 'dispatcherServlet'
2022-04-08 22:04:41.372  INFO 20008 --- [RMI TCP Connection(3)-127.0.0.1] o.s.web.servlet.DispatcherServlet        : Initializing Servlet 'dispatcherServlet'
2022-04-08 22:04:41.374  INFO 20008 --- [RMI TCP Connection(3)-127.0.0.1] o.s.web.servlet.DispatcherServlet        : Completed initialization in 1 ms
2022-04-08 22:05:43.657  INFO 20008 --- [RMI TCP Connection(4)-127.0.0.1] inMXBeanRegistrar$SpringApplicationAdmin : Application shutdown requested.
2022-04-08 22:05:46.407  INFO 20300 --- [main] .m.o.c.SpringbootmyorgcrudapiApplication : Starting SpringbootmyorgcrudapiApplication using Java 17.0.2 on AshweshPC with PID 20300 (D:\Web Projects\springbootmyorgcrudapi\target\classes started by ASUS in D:\Web Projects\springbootmyorgcrudapi)
2022-04-08 22:05:46.410  INFO 20300 --- [main] .m.o.c.SpringbootmyorgcrudapiApplication : No active profile set, falling back to 1 default profile: "default"
2022-04-08 22:05:47.575  INFO 20300 --- [main] o.s.b.w.embedded.tomcat.TomcatWebServer  : Tomcat initialized with port(s): 8080 (http)
2022-04-08 22:05:47.583  INFO 20300 --- [main] o.apache.catalina.core.StandardService   : Starting service [Tomcat]
2022-04-08 22:05:47.584  INFO 20300 --- [main] org.apache.catalina.core.StandardEngine  : Starting Servlet engine: [Apache Tomcat/9.0.60]
2022-04-08 22:05:47.698  INFO 20300 --- [main] o.a.c.c.C.[Tomcat].[localhost].[/]       : Initializing Spring embedded WebApplicationContext
2022-04-08 22:05:47.699  INFO 20300 --- [main] w.s.c.ServletWebServerApplicationContext : Root WebApplicationContext: initialization completed in 1227 ms
2022-04-08 22:05:48.637  INFO 20300 --- [main] o.s.b.a.e.web.EndpointLinksResolver      : Exposing 1 endpoint(s) beneath base path '/actuator'
2022-04-08 22:05:48.682  INFO 20300 --- [main] o.s.b.w.embedded.tomcat.TomcatWebServer  : Tomcat started on port(s): 8080 (http) with context path ''
2022-04-08 22:05:48.696  INFO 20300 --- [main] .m.o.c.SpringbootmyorgcrudapiApplication : Started SpringbootmyorgcrudapiApplication in 2.703 seconds (JVM running for 3.386)
2022-04-08 22:05:51.646  INFO 20300 --- [RMI TCP Connection(3)-127.0.0.1] o.a.c.c.C.[Tomcat].[localhost].[/]       : Initializing Spring DispatcherServlet 'dispatcherServlet'
2022-04-08 22:05:51.646  INFO 20300 --- [RMI TCP Connection(3)-127.0.0.1] o.s.web.servlet.DispatcherServlet        : Initializing Servlet 'dispatcherServlet'
2022-04-08 22:05:51.649  INFO 20300 --- [RMI TCP Connection(3)-127.0.0.1] o.s.web.servlet.DispatcherServlet        : Completed initialization in 3 ms
2022-04-08 22:06:27.184  INFO 20300 --- [RMI TCP Connection(5)-127.0.0.1] inMXBeanRegistrar$SpringApplicationAdmin : Application shutdown requested.
